<?xml version="1.0" encoding="UTF-8"?>
<testsuite xmlns:xsi="http://www.w3.org/2001/XMLSchema-instance" xsi:noNamespaceSchemaLocation="https://maven.apache.org/surefire/maven-surefire-plugin/xsd/surefire-test-report-3.0.xsd" version="3.0" name="com.example.AppTest" time="0.561" tests="26" errors="0" skipped="0" failures="0">
  <properties>
[...]
</properties>
  <testcase name="testEntityFolder" classname="com.example.AppTest" time="0.037"/>
  <testcase name="testExceptionFolder" classname="com.example.AppTest" time="0.002"/>
  <testcase name="testServiceFolder" classname="com.example.AppTest" time="0.002"/>
  <testcase name="testCustomerInsertQueryExists" classname="com.example.AppTest" time="0.003"/>
  <testcase name="testRestaurantInsertQueryExists" classname="com.example.AppTest" time="0"/>
  <testcase name="testMenuInsertQueryExists" classname="com.example.AppTest" time="0"/>
  <testcase name="testOrderInsertQueryExists" classname="com.example.AppTest" time="0"/>
  <testcase name="testCustomerFileExists" classname="com.example.AppTest" time="0.004"/>
  <testcase name="testMenuFileExists" classname="com.example.AppTest" time="0.002"/>
  <testcase name="testOrderFileExists" classname="com.example.AppTest" time="0"/>
  <testcase name="testOrderItemFileExists" classname="com.example.AppTest" time="0.004"/>
  <testcase name="testPaymentFileExists" classname="com.example.AppTest" time="0.002"/>
  <testcase name="testRestaurantFileExists" classname="com.example.AppTest" time="0.002"/>
  <testcase name="testEmaliAlreadyRegisteredExceptionFile" classname="com.example.AppTest" time="0.002"/>
  <testcase name="testRestaurantNotFoundExceptionFile" classname="com.example.AppTest" time="0"/>
  <testcase name="testCustomerServiceFile" classname="com.example.AppTest" time="0"/>
  <testcase name="testCustomerServiceImplFile" classname="com.example.AppTest" time="0"/>
  <testcase name="testRestaurantServiceFile" classname="com.example.AppTest" time="0"/>
  <testcase name="testRestaurantServiceImplFile" classname="com.example.AppTest" time="0.009"/>
  <testcase name="testMenuServiceFile" classname="com.example.AppTest" time="0"/>
  <testcase name="testMenuServiceImplFile" classname="com.example.AppTest" time="0"/>
  <testcase name="testOrderServiceFile" classname="com.example.AppTest" time="0"/>
  <testcase name="testOrderServiceImplFile" classname="com.example.AppTest" time="0.008"/>
  <testcase name="testPaymentServiceFile" classname="com.example.AppTest" time="0.002"/>
  <testcase name="testPaymentServiceImplFile" classname="com.example.AppTest" time="0"/>
  <testcase name="testCustomerRegistration" classname="com.example.AppTest" time="0.076">
    <system-out><![CDATA[Row count before: 0
Row count after: 1
]]></system-out>
  </testcase>
</testsuite>